Removed Pin From Net: NetName=VM Pin=C6-1
Removed Pin From Net: NetName=GND Pin=C6-2
Removed Member From Class: ClassName=drv8886_breakout Member=C6
Change Component Footprint: Designator=C3 Old Footprint=PNSC-FK-V-H13_V New Footprint=PNSC-EEEFK1C101P_L
Change Component Comment : Designator=C7 Old Comment=06033C474KAT2A New Comment=0.47uF
Change Component Comment : Designator=C8 Old Comment=06033C474KAT2A New Comment=0.47uF
Change Component Comment : Designator=C4 Old Comment=C0603X103K5RACTU New Comment=0.01uF
Change Component Comment : Designator=C2 Old Comment=C0805C224K5RAC7800 New Comment=0.22uF
Change Component Comment : Designator=R1 Old Comment=CRCW08050000Z0EA New Comment=5k
Change Component Comment : Designator=R2 Old Comment=CRCW08050000Z0EA New Comment=15k
Change Component Comment : Designator=C3 Old Comment=EEVFK1J221Q New Comment=100uF
Change Component Comment : Designator=C5 Old Comment=GRM32ER60J107ME20L New Comment=0.01uF
Change Component Comment : Designator=C1 Old Comment=GRM155R71E223KA61D New Comment=0.022uF
Change component parameters: Designator = "C3"; Footprint = "PNSC-EEEFK1C101P_L"; UniqueID = "\KSNAXXXT"
Change component parameters. Clean all parameters for all variants
Change component parameters (AddParameter): Name = "Capacitance"; Value = "100µF"; VariantName = "[No Variations]"
Change component parameters (AddParameter): Name = "Case Size/Dimension"; Value = "Ø6.3x5.8mm"; VariantName = "[No Variations]"
Change component parameters (AddParameter): Name = "Datasheet URL"; Value = "http://datasheet.octopart.com/EEEFK1C101P-Panasonic-datasheet-13266987.pdf"; VariantName = "[No Variations]"
Change component parameters (AddParameter): Name = "Datasheet Version"; Value = "11/2012"; VariantName = "[No Variations]"
Change component parameters (AddParameter): Name = "Impedance"; Value = "0.36O"; VariantName = "[No Variations]"
Change component parameters (AddParameter): Name = "Lifetime@Temperature"; Value = "2000Hrs@105°C"; VariantName = "[No Variations]"
Change component parameters (AddParameter): Name = "Manufacturer"; Value = "Panasonic"; VariantName = "[No Variations]"
Change component parameters (AddParameter): Name = "Manufacturer URL"; Value = "http://www.panasonic.com/"; VariantName = "[No Variations]"
Change component parameters (AddParameter): Name = "Mounting Technology"; Value = "SurfaceMount"; VariantName = "[No Variations]"
Change component parameters (AddParameter): Name = "Operating Temp-Max"; Value = "105°C"; VariantName = "[No Variations]"
Change component parameters (AddParameter): Name = "Operating Temp Range"; Value = "-55to+105°C"; VariantName = "[No Variations]"
Change component parameters (AddParameter): Name = "Package Description"; Value = "2-Pin Surface Mount Device, Body 6.6 x 6.6 mm"; VariantName = "[No Variations]"
Change component parameters (AddParameter): Name = "Package Reference"; Value = "EEEFK1C101P"; VariantName = "[No Variations]"
Change component parameters (AddParameter): Name = "Rated Voltage"; Value = "16V"; VariantName = "[No Variations]"
Change component parameters (AddParameter): Name = "Ripple Current"; Value = "240mA"; VariantName = "[No Variations]"
Change component parameters (AddParameter): Name = "Series"; Value = "FK"; VariantName = "[No Variations]"
Change component parameters (AddParameter): Name = "Type"; Value = "Can"; VariantName = "[No Variations]"
Added Component: Designator=P4(TECO-5-146280-2_V)
Add component. Clean all parameters for all variants
Add component (AddParameter): Name = "Approvals"; Value = "CSA"; VariantName = "[No Variations]"
Add component (AddParameter): Name = "Board Standoff"; Value = "No(Without)"; VariantName = "[No Variations]"
Add component (AddParameter): Name = "Case\/Package"; Value = "100"; VariantName = "[No Variations]"
Add component (AddParameter): Name = "Colour"; Value = "Black"; VariantName = "[No Variations]"
Add component (AddParameter): Name = "Connector Type"; Value = "Header"; VariantName = "[No Variations]"
Add component (AddParameter): Name = "Contact Gender"; Value = "Male"; VariantName = "[No Variations]"
Add component (AddParameter): Name = "Contact Material"; Value = "CopperAlloy"; VariantName = "[No Variations]"
Add component (AddParameter): Name = "Contact Mating Length"; Value = "0.23inch"; VariantName = "[No Variations]"
Add component (AddParameter): Name = "Contact Plating"; Value = "Matte"; VariantName = "[No Variations]"
Add component (AddParameter): Name = "Contact Protection"; Value = "No(Without)"; VariantName = "[No Variations]"
Add component (AddParameter): Name = "Contact Shape"; Value = "Square"; VariantName = "[No Variations]"
Add component (AddParameter): Name = "Current Rating"; Value = "3A"; VariantName = "[No Variations]"
Add component (AddParameter): Name = "Datasheet URL"; Value = "http://www.te.com/commerce/DocumentDelivery/DDEController?Action=showdoc&DocId=Customer+Drawing%7F146280%7FH1%7Fpdf%7FEnglish%7FENG_CD_146280_H1.pdf%7F5-146280-2"; VariantName = "[No Variations]"
Add component (AddParameter): Name = "Datasheet Version"; Value = "Rev. H1, 08/2016"; VariantName = "[No Variations]"
Add component (AddParameter): Name = "Depth"; Value = "2.34mm"; VariantName = "[No Variations]"
Add component (AddParameter): Name = "Flammability Rating"; Value = "UL94V-0"; VariantName = "[No Variations]"
Add component (AddParameter): Name = "Gasket"; Value = "No(Without)"; VariantName = "[No Variations]"
Add component (AddParameter): Name = "High Speed Serial Data Connector"; Value = "No"; VariantName = "[No Variations]"
Add component (AddParameter): Name = "High Temperature Housing"; Value = "Yes"; VariantName = "[No Variations]"
Add component (AddParameter): Name = "Housing Colour"; Value = "Black"; VariantName = "[No Variations]"
Add component (AddParameter): Name = "Housing Material"; Value = "Polymer"; VariantName = "[No Variations]"
Add component (AddParameter): Name = "Keyed"; Value = "No"; VariantName = "[No Variations]"
Add component (AddParameter): Name = "Length"; Value = "4.67mm"; VariantName = "[No Variations]"
Add component (AddParameter): Name = "Manufacturer"; Value = "TE Connectivity"; VariantName = "[No Variations]"
Add component (AddParameter): Name = "Manufacturer URL"; Value = "http://www.te.com/"; VariantName = "[No Variations]"
Add component (AddParameter): Name = "Mating Alignment"; Value = "No(Without)"; VariantName = "[No Variations]"
Add component (AddParameter): Name = "Mating Connector Lock"; Value = "No(Without)"; VariantName = "[No Variations]"
Add component (AddParameter): Name = "Mating Post Length"; Value = "0.23inch"; VariantName = "[No Variations]"
Add component (AddParameter): Name = "Max Current Rating"; Value = "5A"; VariantName = "[No Variations]"
Add component (AddParameter): Name = "Max Operating Temperature"; Value = "105degC"; VariantName = "[No Variations]"
Add component (AddParameter): Name = "Min Operating Temperature"; Value = "-65degC"; VariantName = "[No Variations]"
Add component (AddParameter): Name = "Mount"; Value = "ThroughHole"; VariantName = "[No Variations]"
Add component (AddParameter): Name = "Mounting Technology"; Value = "ThroughHole"; VariantName = "[No Variations]"
Add component (AddParameter): Name = "Number of Contacts"; Value = "2"; VariantName = "[No Variations]"
Add component (AddParameter): Name = "Number of Positions"; Value = "2"; VariantName = "[No Variations]"
Add component (AddParameter): Name = "Number of Rows"; Value = "1"; VariantName = "[No Variations]"
Add component (AddParameter): Name = "Orientation"; Value = "Straight"; VariantName = "[No Variations]"
Add component (AddParameter): Name = "Package Description"; Value = "Male Header, Pitch 2.54 mm, 1 x 2 Position, Height 8.21 mm, Tail Length 3.05 mm"; VariantName = "[No Variations]"
Add component (AddParameter): Name = "Package Quantity"; Value = "500"; VariantName = "[No Variations]"
Add component (AddParameter): Name = "Package Reference"; Value = "5-146280-2"; VariantName = "[No Variations]"
Add component (AddParameter): Name = "Packaging"; Value = "Carton"; VariantName = "[No Variations]"
Add component (AddParameter): Name = "Panel Mount Retention"; Value = "No(Without)"; VariantName = "[No Variations]"
Add component (AddParameter): Name = "PCB Mounting Orientation"; Value = "Vertical"; VariantName = "[No Variations]"
Add component (AddParameter): Name = "PCB Mount Retention"; Value = "Without"; VariantName = "[No Variations]"
Add component (AddParameter): Name = "PCB Thickness"; Value = "0.063inch"; VariantName = "[No Variations]"
Add component (AddParameter): Name = "Pitch"; Value = "2.54mm"; VariantName = "[No Variations]"
Add component (AddParameter): Name = "Radiation Hardening"; Value = "No"; VariantName = "[No Variations]"
Add component (AddParameter): Name = "RoHSCompliant"; Value = "true"; VariantName = "[No Variations]"
Add component (AddParameter): Name = "Row Spacing"; Value = "2.54mm"; VariantName = "[No Variations]"
Add component (AddParameter): Name = "Selectively Loaded"; Value = "No(Without)"; VariantName = "[No Variations]"
Add component (AddParameter): Name = "Stabilizers"; Value = "No(Without)"; VariantName = "[No Variations]"
Add component (AddParameter): Name = "Termination"; Value = "ThroughHole"; VariantName = "[No Variations]"
Add component (AddParameter): Name = "Termination Post Length"; Value = "0.12inch"; VariantName = "[No Variations]"
Added Pin To Net: NetName=GND Pin=P4-1
Added Pin To Net: NetName=VM Pin=P4-2
Added Member To Class: ClassName=drv8886_breakout Member=Component P4 5-146280-2
Added Room: Name=drv8886_breakout
